[     563ms] [LOG] [ThemeResolver][runtime-final] {
  "note": "This is the final theme used for rendering.",
  "configTheme": "gitbook",
  "notionTheme": null,
  "queryTheme": null,
  "finalTheme": "gitbook",
  "source": "blog/env:config"
} @ https://docs.tangly1024.com/_next/static/chunks/pages/_app-9114fbab351e9a51.js:0
[     590ms] [LOG] 当前路径不在黄名单中，放行 @ https://docs.tangly1024.com/_next/static/chunks/50838-60485c16906119a3.js:0
[     620ms] [LOG] 当前路径不在黄名单中，放行 @ https://docs.tangly1024.com/_next/static/chunks/50838-60485c16906119a3.js:0
[     669ms] [LOG] Live2D %s 2.1.00_1 @ https://cdn.jsdelivr.net/gh/stevenjoezhang/live2d-widget@latest/live2d.min.js:0
[     669ms] [LOG] profile : Desktop @ https://cdn.jsdelivr.net/gh/stevenjoezhang/live2d-widget@latest/live2d.min.js:0
[     669ms] [LOG]   [PROFILE_NAME] = Desktop @ https://cdn.jsdelivr.net/gh/stevenjoezhang/live2d-widget@latest/live2d.min.js:0
[     669ms] [LOG]   [USE_ADJUST_TRANSLATION] = false @ https://cdn.jsdelivr.net/gh/stevenjoezhang/live2d-widget@latest/live2d.min.js:0
[     669ms] [LOG]   [USE_CACHED_POLYGON_IMAGE] = false @ https://cdn.jsdelivr.net/gh/stevenjoezhang/live2d-widget@latest/live2d.min.js:0
[     669ms] [LOG]   [EXPAND_W] = 2 @ https://cdn.jsdelivr.net/gh/stevenjoezhang/live2d-widget@latest/live2d.min.js:0
[     896ms] [WARNING] Clerk: Clerk has been loaded with development keys. Development instances have strict usage limits and should not be used when deploying your application to production. Learn more: https://clerk.com/docs/deployments/overview @ https://cosmic-impala-14.clerk.accounts.dev/npm/@clerk/clerk-js@5/dist/clerk.browser.js:18
[    1248ms] [LOG] 当前路径不在黄名单中，放行 @ https://docs.tangly1024.com/_next/static/chunks/50838-60485c16906119a3.js:0
[    3573ms] [LOG] Load Adsense @ https://docs.tangly1024.com/_next/static/chunks/pages/_app-9114fbab351e9a51.js:0
[    4486ms] [ERROR] Failed to load resource: net::ERR_CONNECTION_CLOSED @ https://tr.blismedia.com/v1/api/sync/AdxPixel?google_gid=CAESEFHN8NphaJpg4MHdJ0jh6Sk&google_cver=1&google_push=AXcoOmSalFAxLl1o_QMLyaZnSv44WFWkFR5tBRYM__d758JtHf1xLthLIKPjniQ6BHBHQWcjgtHOYsHb3v4DSVQ3RS88IK377UEa8HVoKX__QFF8QiDZR3FZdXWhJrmWCY2uuMuxWUutwb9pfaBiVsyJ3tiKZg:0
[    4490ms] [ERROR] Failed to load resource: net::ERR_CONNECTION_CLOSED @ https://cm.g.doubleclick.net/pixel/attr?d=AHNF13LHLxPKzTuRb0k8mYncAN95pFSUS2XpGklbs3mdFGig8EnYH9WJ8PzpdFJcRYQwwLqwd_dFhuQ:0
[    4496ms] [ERROR] Attestation check for Shared Storage on https://www.googleadservices.com failed. @ https://www.googleadservices.com/pagead/managed/js/activeview/current/reach_worklet.html:0
[    4752ms] [ERROR] Failed to load resource: net::ERR_CONNECTION_CLOSED @ https://cm.g.doubleclick.net/pixel?google_hm=MDFLUVdUTkFCSlZBOVpXQU1DQzVCVlpHV0M&google_nid=adster_corp&google_push=AXcoOmRSYrID7_jPJEJD8WX6zmJBzT1j2EF2olybRHlBs_mSsCfdwf-OXFynl4MurYZCPYMskTIM7v4tdxYzfe-iQXNP2b5h1kXl0c2QDMqAvryhL0uZ1s98pq7VjreXyq5nys7f__htWpMpzPHRHPuUyU8qDA:0
[    4899ms] [ERROR] Failed to load resource: net::ERR_CONNECTION_CLOSED @ https://cm.g.doubleclick.net/pixel?google_nid=freakout&google_push=AXcoOmQxvTSJW3Pf-xxLNaATj03nFy4iY5Vo7kGYMf24W0VS4EUGlNsUn25zG-xeBxznEPyaexvOEh_U1O5k75SRq77YpuamRadKkwzQFh2Abi1W-nDyp0jrQP1HqXN5qUFN7__ejxsj03hstqdFTxw4Yu2Y2w&google_hm=SDFuZEFieGh6VkdmX2hLTWZXak13UVF2WDAw&from_google=pc1:0
[    5059ms] [ERROR] Failed to load resource: net::ERR_CONNECTION_CLOSED @ https://cm.g.doubleclick.net/pixel?google_nid=moloco_ads&google_hm=hoxJnp7qRCucYeCw-QsCOw&google_push=AXcoOmS2BCzMgHS4MvVLOM2zQseVLMZK_2hGI8dH_OmPOymQbtiHQnGGYyzyVOQ4BI5Ct0uMjfAYktSLE7MEDXeAkJSDQrXg4Kch8A_olLnSOsrWHTR8f-u8BDdQH1p_mlMArkAMiucOOpttG8mhbUutydfrSQ:0
[    5140ms] [ERROR] Failed to load resource: net::ERR_CONNECTION_CLOSED @ https://cm.g.doubleclick.net/pixel?google_nid=yahoo&google_hm=eS1VdU13MFZ0RTJwRTd6ejFndy5qSVhQeWI3ajdBalFYMn5B&google_push=AXcoOmSi39-rBNyKRVZ54kNjvH7Vhmpk0JHdnFAXt27mEa_Ay3Rkt5uXNMdb7oH2aDp6Ke3bmT1DE1vQjt6hvr1OzAwvNep19nSB5rFR7Hn9Yd6-WncOqLxHSE4H1iTenClCx8Quh7M_MlN4J9PUGLmxlM1f6A:0
[    7047ms] [ERROR] Failed to load resource: net::ERR_CONNECTION_CLOSED @ https://cm.g.doubleclick.net/pixel?google_hm=T1BVNzQ2YWE0MDU1ZWM0NDRhMTkxZWRjOTdkYjMwNWI1NjE&google_nid=opera_software_ireland_ltd:0
