[     507ms] [LOG] [ThemeResolver][runtime-final] {
  "note": "This is the final theme used for rendering.",
  "configTheme": "gitbook",
  "notionTheme": null,
  "queryTheme": null,
  "finalTheme": "gitbook",
  "source": "blog/env:config"
} @ https://docs.tangly1024.com/_next/static/chunks/pages/_app-9114fbab351e9a51.js:0
[     530ms] [LOG] 当前路径不在黄名单中，放行 @ https://docs.tangly1024.com/_next/static/chunks/50838-60485c16906119a3.js:0
[     552ms] [LOG] 当前路径不在黄名单中，放行 @ https://docs.tangly1024.com/_next/static/chunks/50838-60485c16906119a3.js:0
[     579ms] [LOG] Live2D %s 2.1.00_1 @ https://cdn.jsdelivr.net/gh/stevenjoezhang/live2d-widget@latest/live2d.min.js:0
[     579ms] [LOG] profile : Desktop @ https://cdn.jsdelivr.net/gh/stevenjoezhang/live2d-widget@latest/live2d.min.js:0
[     579ms] [LOG]   [PROFILE_NAME] = Desktop @ https://cdn.jsdelivr.net/gh/stevenjoezhang/live2d-widget@latest/live2d.min.js:0
[     579ms] [LOG]   [USE_ADJUST_TRANSLATION] = false @ https://cdn.jsdelivr.net/gh/stevenjoezhang/live2d-widget@latest/live2d.min.js:0
[     579ms] [LOG]   [USE_CACHED_POLYGON_IMAGE] = false @ https://cdn.jsdelivr.net/gh/stevenjoezhang/live2d-widget@latest/live2d.min.js:0
[     579ms] [LOG]   [EXPAND_W] = 2 @ https://cdn.jsdelivr.net/gh/stevenjoezhang/live2d-widget@latest/live2d.min.js:0
[     597ms] [WARNING] Clerk: Clerk has been loaded with development keys. Development instances have strict usage limits and should not be used when deploying your application to production. Learn more: https://clerk.com/docs/deployments/overview @ https://cosmic-impala-14.clerk.accounts.dev/npm/@clerk/clerk-js@5/dist/clerk.browser.js:18
[     932ms] [LOG] 当前路径不在黄名单中，放行 @ https://docs.tangly1024.com/_next/static/chunks/50838-60485c16906119a3.js:0
[    3512ms] [LOG] Load Adsense @ https://docs.tangly1024.com/_next/static/chunks/pages/_app-9114fbab351e9a51.js:0
[    4232ms] [ERROR] Failed to load resource: net::ERR_CONNECTION_CLOSED @ https://dis.criteo.com/dis/usersync.aspx?r=4&p=14&cp=google&cu=1&url=https%3A%2F%2Fcm.g.doubleclick.net%2Fpixel%3Fgoogle_nid%3Dcjp%26google_hm%3D%40%40CRITEO_USERID%40%40%26google_push%3DAXcoOmSk4TTyFBCjpHQ6z8KpNDVd4_gNJOLZTkW56m8xUDF_B1w_gz1OM6XHJwMq1zLHns028WKcGVU7GZym35b9VuKd2AaXvFAnr_GnSy9IMzEviQaUJiXhY0PgC39E3t8IAipTYweT4cKEwvipZNcbNB3cOA&google_gid=CAESEAQOt4WcXnjbZoCh-3S_ztE&google_cver=1:0
[    4235ms] [ERROR] Failed to load resource: net::ERR_CONNECTION_CLOSED @ https://cm.g.doubleclick.net/pixel/attr?d=AHNF13INctnJVK03dy_5jyeLZgoTNxGFa9zZgr_PUyYJcdWEw8JJc02wrbqX1Y1Ab_LqavVzX0tqDBsZ:0
[    4250ms] [ERROR] Attestation check for Shared Storage on https://www.googleadservices.com failed. @ https://www.googleadservices.com/pagead/managed/js/activeview/current/reach_worklet.html:0
[    4745ms] [ERROR] Failed to load resource: net::ERR_CONNECTION_CLOSED @ https://cm.g.doubleclick.net/pixel?google_nid=teadstv_ab&google_hm=YWVlZDYxMjEtNWMwYi00ZDc2LWJmMDctNGY2ZWVjNTdkOTZl&google_push=AXcoOmRxIoLF9bewgPkqJXKQzCOdpvR3Uv_sc9kVKdDAu3adlFKS-7caZUPCf8PuWZd6d3BltkUSB1oF9FKL3yhl8Ypr9EFSamPLVFH8nR3fGRQxlubqEeQ0J6ZSYRwRwe5rhwQ-0SAe9HyWvFesoNCDk8L6Lo8:0
[    4910ms] [ERROR] Failed to load resource: net::ERR_CONNECTION_CLOSED @ https://cm.g.doubleclick.net/pixel?google_hm=MDFLUVdUS1JBMDZWQUozVFNEQTBTUVI4UUo&google_nid=adster_corp&google_push=AXcoOmR1HDVatzLfy3u_332gk4IbpHvZersd651lcmNyqCARou_RggaEu6-UE8ioQrbZh1K3RYJXE28fZN9Lhuz-8DDvBfy_Atj4Qbj7t9pPfi_49OR88xkrYX0Q2Ow_RyG8oOWoS3ZvCDeSJJJCaO-i-pn7_Vc:0
[    5643ms] [ERROR] Failed to load resource: net::ERR_CONNECTION_CLOSED @ https://cm.g.doubleclick.net/pixel?google_nid=tabmo_fr&google_hm=CpWtqVA-QRmveh7XpOJBxw&google_push=AXcoOmSBzsXdeZCehY-0lyTGVRLCXkChSKpS2euM7NAZ-T9wX2nreXwzdoc1fuUlJ3Rw_J01o-WQLS5GwrNl5L601s8VrPYCittYFapJXAe8rcurBiM2sNuAd8jazPCc7803hFbwAEmY7xg99m4tG_1MWU5b:0
[    5736ms] [ERROR] Failed to load resource: net::ERR_CONNECTION_CLOSED @ https://cm.g.doubleclick.net/pixel?google_nid=advolve&google_push=AXcoOmR2t0Z7rRVPwbOzQeq7SMTs8v6JMPgSVQ-YyQ0mEDLOSnCjaMMSwO815LhU2hOiGXSTW3DlP-yveFnPAHfXiCLVRZKxHdxxd8oISeuu_i27D2JG-pgJB8ZH2NSn_L9sGUDCvOZXbrbYwZusrZ0qLD5YVlI&google_hm=69fa421478f7ee5cfc02d697&google_ula=9190312969:0
[    6098ms] [ERROR] Failed to load resource: net::ERR_CONNECTION_CLOSED @ https://cm.g.doubleclick.net/pixel?google_nid=stackadapt_usd&google_hm=f8EfkTWJWW9q-LcaEAxvi2eXrVs&google_push=AXcoOmTf87wRe3uDia94ERg-gtj47r1TJWrIrnVNQYxZwBC3i5diDyLPt104YoVLtuBNPcmTZMojy-4s7eeqcqr9N19VGo1-E2uen868BVy441IDH_egi5dQ3vjrQaeVXzF5TmNkn8kUsNUrVfzja0yjTA01KA:0
