[    1220ms] [LOG] [ThemeResolver][runtime-final] {
  "note": "This is the final theme used for rendering.",
  "configTheme": "gitbook",
  "notionTheme": null,
  "queryTheme": null,
  "finalTheme": "gitbook",
  "source": "blog/env:config"
} @ https://docs.tangly1024.com/_next/static/chunks/pages/_app-9114fbab351e9a51.js:0
[    1239ms] [LOG] 当前路径不在黄名单中，放行 @ https://docs.tangly1024.com/_next/static/chunks/50838-60485c16906119a3.js:0
[    1251ms] [LOG] 当前路径不在黄名单中，放行 @ https://docs.tangly1024.com/_next/static/chunks/50838-60485c16906119a3.js:0
[    1266ms] [LOG] Live2D %s 2.1.00_1 @ https://cdn.jsdelivr.net/gh/stevenjoezhang/live2d-widget@latest/live2d.min.js:0
[    1266ms] [LOG] profile : Desktop @ https://cdn.jsdelivr.net/gh/stevenjoezhang/live2d-widget@latest/live2d.min.js:0
[    1266ms] [LOG]   [PROFILE_NAME] = Desktop @ https://cdn.jsdelivr.net/gh/stevenjoezhang/live2d-widget@latest/live2d.min.js:0
[    1266ms] [LOG]   [USE_ADJUST_TRANSLATION] = false @ https://cdn.jsdelivr.net/gh/stevenjoezhang/live2d-widget@latest/live2d.min.js:0
[    1266ms] [LOG]   [USE_CACHED_POLYGON_IMAGE] = false @ https://cdn.jsdelivr.net/gh/stevenjoezhang/live2d-widget@latest/live2d.min.js:0
[    1267ms] [LOG]   [EXPAND_W] = 2 @ https://cdn.jsdelivr.net/gh/stevenjoezhang/live2d-widget@latest/live2d.min.js:0
[    1402ms] [ERROR] Failed to load resource: the server responded with a status of 404 () @ https://docs.tangly1024.com/_next/image?url=%2Fsvg%2Fjuejin.svg&w=48&q=75:0
[    1430ms] [ERROR] Failed to load resource: the server responded with a status of 404 () @ https://docs.tangly1024.com/_next/image?url=%2Fsvg%2Fcsdn.svg&w=64&q=75:0
[    1523ms] [WARNING] Clerk: Clerk has been loaded with development keys. Development instances have strict usage limits and should not be used when deploying your application to production. Learn more: https://clerk.com/docs/deployments/overview @ https://cosmic-impala-14.clerk.accounts.dev/npm/@clerk/clerk-js@5/dist/clerk.browser.js:18
[    1868ms] [LOG] 当前路径不在黄名单中，放行 @ https://docs.tangly1024.com/_next/static/chunks/50838-60485c16906119a3.js:0
[    2385ms] Unexpected token 'export'
[    3918ms] [ERROR] Failed to load resource: the server responded with a status of 404 () @ https://giscus.app/api/discussions?repo=tangly1024%2Ftangly1024&term=article%2Fnotion-next-plugins&number=0&strict=false&last=15:0
[    3929ms] [WARNING] [giscus] Discussion not found. A new discussion will be created if a comment/reaction is submitted. @ https://docs.tangly1024.com/js/giscus.js:175
[    4172ms] [ERROR] Failed to load resource: the server responded with a status of 404 () @ https://giscus.app/api/discussions?repo=tangly1024%2Ftangly1024&term=article%2Fnotion-next-plugins&number=0&strict=false&first=15:0
[    4175ms] [WARNING] [giscus] Discussion not found. A new discussion will be created if a comment/reaction is submitted. @ https://docs.tangly1024.com/js/giscus.js:175
[    4226ms] [LOG] Load Adsense @ https://docs.tangly1024.com/_next/static/chunks/pages/_app-9114fbab351e9a51.js:0
[    5228ms] [ERROR] Attestation check for Shared Storage on https://www.googleadservices.com failed. @ https://www.googleadservices.com/pagead/managed/js/activeview/current/reach_worklet.html:0
[    5228ms] [ERROR] Failed to load resource: net::ERR_CONNECTION_CLOSED @ https://cm.g.doubleclick.net/pixel/attr?d=AHNF13IZKmq1Cr7Vj1PtRC3AysRS-2BsR4eJQora84CYyoTQB09hgaaq2fQ5xVMXy1F7rKztzFfhPWna:0
[    5228ms] [ERROR] Failed to load resource: net::ERR_CONNECTION_CLOSED @ https://a.c.appier.net/gcm?google_gid=CAESEJudcSWeqNjEUj4jw1SCTCY&google_cver=1&google_push=AXcoOmR17q8xdW9fs8DSXZXCAulJvUKijv7X4TtSdJgv0RBFh_C6Q5YF0UFFLGMHRc-EVlj0uEN4o4nAV1Q6KYfx2q7VA-3ZhKV8T9e9TZ4AAE1mNWonW36OvHiOwBgV1MmAMqoXUnwjrJViPrHM1zuPkkA89g:0
[    5530ms] [ERROR] Failed to load resource: net::ERR_CONNECTION_CLOSED @ https://cm.g.doubleclick.net/pixel?google_nid=MiAd&google_hm=vU7s/fvL3SUpfXuONHqiSEriLtWzyUus:0
[    5742ms] [ERROR] Failed to load resource: net::ERR_CONNECTION_CLOSED @ https://cm.g.doubleclick.net/pixel?google_nid=beeswaxio&google_sc=&google_hm=QUJNSzNFN1Q5SVFBQUFEbXRET29uUQ&google_push=AXcoOmSljKbuu2y1YYdcWgjU-nrxQEDchF2uIyTv0PvrK8VUaa4SODtdBCOuSngORtFZkkbLjGABRMUG1lXNXRyps8V2ws8I0E8LEN_gyXEB2B-JerXC4wcKrzRl32DX3LUgueCwBX58DhEeX9v9RXa9Ej4dtw&bee_sync_partners=&bee_sync_current_partner=adx&bee_sync_hop_count=1:0
[    6137ms] [ERROR] Failed to load resource: net::ERR_CONNECTION_CLOSED @ https://cm.g.doubleclick.net/pixel?google_nid=advolve&google_push=AXcoOmQ9oDsEWbEHcz6__Xa1etBZxrAuX3fUb56iajSh7nlhvsGOeUuMGkpq3is-EmVdgXFAhdaYHOdWj0i8DyUR4AbR9P_aFHGvts8DL6HXWUQiSCb0947c0mnFYMA2njytPg7X2vQydPsbj5-otd0vYSgIihA&google_hm=69fa421478f7ee5cfc02d697&google_ula=9190312969:0
[    6388ms] [ERROR] Failed to load resource: net::ERR_CONNECTION_CLOSED @ https://cm.g.doubleclick.net/pixel?google_nid=stackadapt_usd&google_hm=f8EfkTWJWW9q-LcaEAxvi2eXrVs&google_push=AXcoOmRhN7YVdmh6c_LL2f_-jMwYxBnni8Gm6Z2Obz4RMM3KO_zJzeLJG3USYpWwx4aKlFoQPbUvIS53bAq5qRSZa8mzIyJ9PvYB-o8cF6sg1hT30xdXA0w88s0R8rZ2G0b3pqRgmMsW9q9fydyYQDPd_ZcDwg:0
[    7702ms] [ERROR] Failed to load resource: net::ERR_CONNECTION_CLOSED @ https://cm.g.doubleclick.net/pixel?google_hm=T1BVNzQ2YWE0MDU1ZWM0NDRhMTkxZWRjOTdkYjMwNWI1NjE&google_nid=opera_software_ireland_ltd:0
