[     486ms] [LOG] [ThemeResolver][runtime-final] {
  "note": "This is the final theme used for rendering.",
  "configTheme": "gitbook",
  "notionTheme": null,
  "queryTheme": null,
  "finalTheme": "gitbook",
  "source": "blog/env:config"
} @ https://docs.tangly1024.com/_next/static/chunks/pages/_app-9114fbab351e9a51.js:0
[     510ms] [LOG] 当前路径不在黄名单中，放行 @ https://docs.tangly1024.com/_next/static/chunks/50838-60485c16906119a3.js:0
[     523ms] [LOG] 当前路径不在黄名单中，放行 @ https://docs.tangly1024.com/_next/static/chunks/50838-60485c16906119a3.js:0
[     539ms] [LOG] Live2D %s 2.1.00_1 @ https://cdn.jsdelivr.net/gh/stevenjoezhang/live2d-widget@latest/live2d.min.js:0
[     539ms] [LOG] profile : Desktop @ https://cdn.jsdelivr.net/gh/stevenjoezhang/live2d-widget@latest/live2d.min.js:0
[     539ms] [LOG]   [PROFILE_NAME] = Desktop @ https://cdn.jsdelivr.net/gh/stevenjoezhang/live2d-widget@latest/live2d.min.js:0
[     539ms] [LOG]   [USE_ADJUST_TRANSLATION] = false @ https://cdn.jsdelivr.net/gh/stevenjoezhang/live2d-widget@latest/live2d.min.js:0
[     539ms] [LOG]   [USE_CACHED_POLYGON_IMAGE] = false @ https://cdn.jsdelivr.net/gh/stevenjoezhang/live2d-widget@latest/live2d.min.js:0
[     539ms] [LOG]   [EXPAND_W] = 2 @ https://cdn.jsdelivr.net/gh/stevenjoezhang/live2d-widget@latest/live2d.min.js:0
[     702ms] [WARNING] Clerk: Clerk has been loaded with development keys. Development instances have strict usage limits and should not be used when deploying your application to production. Learn more: https://clerk.com/docs/deployments/overview @ https://cosmic-impala-14.clerk.accounts.dev/npm/@clerk/clerk-js@5/dist/clerk.browser.js:18
[     796ms] [ERROR] Failed to load resource: the server responded with a status of 404 () @ https://docs.tangly1024.com/_next/image?url=%2Fsvg%2Fjuejin.svg&w=48&q=75:0
[     803ms] [ERROR] Failed to load resource: the server responded with a status of 404 () @ https://docs.tangly1024.com/_next/image?url=%2Fsvg%2Fcsdn.svg&w=64&q=75:0
[    1046ms] [LOG] 当前路径不在黄名单中，放行 @ https://docs.tangly1024.com/_next/static/chunks/50838-60485c16906119a3.js:0
[    1611ms] [ERROR] Failed to load resource: the server responded with a status of 500 () @ https://img.notionusercontent.com/ext/https%3A%2F%2Fjsd.cdn.zzko.cn%2Fgh%2Fxingpingcn%2Fpicx-images-hosting%40master%2F20230517%2Ffavicon.792i5i93snk0.ico/size/?exp=1778009464&sig=LLxNIN_UJR2T2eCgrVFVORfZvfa5uADPgO7QloKI6_w&id=14cf93b9-208b-80c3-a604-e6eb2332a7de&table=block&mtd=so:0
[    3496ms] [LOG] Load Adsense @ https://docs.tangly1024.com/_next/static/chunks/pages/_app-9114fbab351e9a51.js:0
[    4663ms] [ERROR] Attestation check for Shared Storage on https://www.googleadservices.com failed. @ https://www.googleadservices.com/pagead/managed/js/activeview/current/reach_worklet.html:0
[    4884ms] [ERROR] Failed to load resource: net::ERR_CONNECTION_CLOSED @ https://sync-tm.everesttech.net/upi/pid/5w3jqr4k?redir=https%3A%2F%2Fcm.g.doubleclick.net%2Fpixel%3Fgoogle_nid%3Dg8f47s39e399f3fe%26google_hm%3D%24%7BTM_USER_ID_BASE64ENC_URLENC%7D&google_gid=CAESECFCqlP5fnvhVrXQGVB3bHc&google_cver=1&google_push=AXcoOmTEt-4g1C9edzxJBNLnlftlkYflqE8YB4b3_njuYi2dGRmKTLM_8PTNuzR1878lMMMCIu48ag6novtSjIxOpNE2K1NL071GJp-FdAACSPMQLG88oP3-qjOmMoLM8ka5tmL0g0JMzRXdd9WbuMIjxP4PKA:0
[    4886ms] [ERROR] Failed to load resource: net::ERR_CONNECTION_CLOSED @ https://gtracenep.admaster.cc/ju/cs/google?google_gid=CAESEHvB7C447E4wOZjRsl1yZCQ&google_cver=1&google_push=AXcoOmQoyyYYiaGIzoJEfj9IVNfW5VI8Fv4mvoPIH0tJ6ndt4D-HbaZMtAFawAP_H1Sd7YqvnU5_9qSNPB9cazBP4NvJowIYU2XiRVEcfAe-aW9ZrB7hqfErFvkuh02V-eDY3P2fdheomcCSvpiXGXjWEsDrHsA:0
[    4886ms] [ERROR] Failed to load resource: net::ERR_CONNECTION_CLOSED @ https://odr.mookie1.com/t/v2/sync?tagid=V2_4530&src.visitorid=CAESEJp5R3fIdH08DV4YFD8YejM&google_cver=1&google_push=AXcoOmTWJBb1-d8lnAKblOTQUhAKp4klIaimvFIvYdMMa_90OuHG_Ooo86GvYcYvq_nCSPOE21Dt8XLUYBMz8ALjP1BIbMmF7P9RbER7A7KAN_sWBpPIwvWFJuGgD4408tWNr2P_EEX_gykwJf6amlMKtJ3NRQ:0
[    4886ms] [ERROR] Failed to load resource: net::ERR_CONNECTION_CLOSED @ https://cm.g.doubleclick.net/pixel/attr?d=AHNF13Kxo9_hkO1rnJ9t0HHpdI9W6B8ScGPOadCETrQniUIQfu0VwLz6GeF8dD5V6DqkBLMD3R0pNXU:0
[    7488ms] [ERROR] Failed to load resource: the server responded with a status of 400 () @ https://cksync.yahoo.co.jp/sspsync?ptr=12703&google_gid=CAESEEiJHMf8tdTmyUbKZZSM0vA&google_cver=1&google_push=AXcoOmQMTbklQrOo7BGSfpYfSF58pky1DFSdObI3urjrE5qlZmQTIj29WjZVhIn9jg_JbwVysmZbYm0Ry77GCtxtwMhx7YLGi8oAqiMLJhvWWzuzpIlVZE6sts2HM2wL-nJcVMgphPtmTX4LM5-u3kuvkpj7uis:0
[    7974ms] [ERROR] Failed to load resource: net::ERR_CONNECTION_CLOSED @ https://cm.g.doubleclick.net/pixel?google_nid=simplifi&google_hm=754A49195B3A42EF8F93E02B22287C04&google_push=AXcoOmTMPZZY1ujDlUfUBd2Zh3r0zC5LqzskeZ1xhcebsSsDMRMmDpG3L2hIE0-1ef2njvmwhIfqWqQ_Rg2cxzTAMmfwchmhL6TmwuDsfDGAQaDLoXCuNhnq5J3ToPxQO-xaCqB0aiCNJsxVWx4HkrULwU-WyA:0
