[     873ms] [LOG] [ThemeResolver][runtime-final] {
  "note": "This is the final theme used for rendering.",
  "configTheme": "gitbook",
  "notionTheme": null,
  "queryTheme": null,
  "finalTheme": "gitbook",
  "source": "blog/env:config"
} @ https://docs.tangly1024.com/_next/static/chunks/pages/_app-9114fbab351e9a51.js:0
[     896ms] [LOG] 当前路径不在黄名单中，放行 @ https://docs.tangly1024.com/_next/static/chunks/50838-60485c16906119a3.js:0
[     920ms] [LOG] 当前路径不在黄名单中，放行 @ https://docs.tangly1024.com/_next/static/chunks/50838-60485c16906119a3.js:0
[     937ms] [LOG] Live2D %s 2.1.00_1 @ https://cdn.jsdelivr.net/gh/stevenjoezhang/live2d-widget@latest/live2d.min.js:0
[     937ms] [LOG] profile : Desktop @ https://cdn.jsdelivr.net/gh/stevenjoezhang/live2d-widget@latest/live2d.min.js:0
[     937ms] [LOG]   [PROFILE_NAME] = Desktop @ https://cdn.jsdelivr.net/gh/stevenjoezhang/live2d-widget@latest/live2d.min.js:0
[     937ms] [LOG]   [USE_ADJUST_TRANSLATION] = false @ https://cdn.jsdelivr.net/gh/stevenjoezhang/live2d-widget@latest/live2d.min.js:0
[     937ms] [LOG]   [USE_CACHED_POLYGON_IMAGE] = false @ https://cdn.jsdelivr.net/gh/stevenjoezhang/live2d-widget@latest/live2d.min.js:0
[     937ms] [LOG]   [EXPAND_W] = 2 @ https://cdn.jsdelivr.net/gh/stevenjoezhang/live2d-widget@latest/live2d.min.js:0
[    1122ms] [WARNING] Clerk: Clerk has been loaded with development keys. Development instances have strict usage limits and should not be used when deploying your application to production. Learn more: https://clerk.com/docs/deployments/overview @ https://cosmic-impala-14.clerk.accounts.dev/npm/@clerk/clerk-js@5/dist/clerk.browser.js:18
[    1474ms] [LOG] 当前路径不在黄名单中，放行 @ https://docs.tangly1024.com/_next/static/chunks/50838-60485c16906119a3.js:0
[    3879ms] [LOG] Load Adsense @ https://docs.tangly1024.com/_next/static/chunks/pages/_app-9114fbab351e9a51.js:0
[    6537ms] [ERROR] Failed to load resource: net::ERR_CONNECTION_CLOSED @ https://enduser.adsrvr.org/enduser/vast/?t=1&iid=57e68835-9873-4fda-a26c-74f59d5f904e&crid=wyi62ix2&wp=afpBxAAARa8Gw00HABjY0S_rg5tAQpNSHwQXrw&aid=1&wpc=USD&sfe=1c31c1c4&puid=CAESEOlHDG8yUCtLzvjILUqgXy4&bdc=13&tdid=&pid=sg2o27m&ag=8ijq5z4&adv=3s0fzus&sig=1074ou0KlO4WE0Q0wswXFhexCvemj0Hdfs2WwAEUQVyw.&bp=0.153597121396009&cf=10399159&fq=0&td_s=docs.tangly1024.com&rcats=&mste=&mfld=2&mssi=&mfsi=&uhow=76&agsa=&rgz=168-0063&svbttd=1&dt=PC&osf=OSX&os=OSX1015&br=Chrome&rlangs=zh&mlang=&svpid=pub-2708419466378217&did=&rcxt=Other&lat=35.680000&lon=139.650000&tmpc=16.150000000000034&daid=&vp=0&osi=&osv=&bx=60&bffi=41&nond=0&mk=Apple&testid=Google-ORtb-Migration&vpb=InterstitialSliderFloating&dc=13&vcc=EKwCGKwCMgIIAjoECAEIAkABUASgAcEHqAHdBMgBAdABA-gBCoACA4oCDAgCCAMIBwgFCAYICJoCAggHoAICqAIBsAIAuAIAwAIF2AIA4AIA9QIAAAAA&sv=google&pidi=3634&advi=662327&cmpi=6319637&agi=27759643&cridi=53920117&svi=1&tid=1&cmp=q0xg7mz&vrtd=14,15&feo=google&srca=1&rurl=https%3a%2f%2fdocs.tangly1024.com%2farticle%2fnotion-next-mulity-languages&tsig=3yVvJWZpnHvHOTj4jkDQDYfqL8f4ToP1yQRTWuEwEz4.&cc=3~KLUv_WPYfRZoQAKNCwC0DDWI5ldzmNpPEaJsdPWdX5BOQgc4aWpxNXo0SJuong1Qt9v6aTYyaXgyYPWC22RvY3N5MTAyNE9sSERHOHlVQ3RMenZqSUxVcWdYeTQCwAFMNzgyMan67-6h9nEweGc3bXrQApXcgQMwoJ_NwZW5lT_Sopm2j9ZERzByQWJ4WEM5OHFJSFBhUkM2UEFAbXUg8S3m2VLNPc4XYKjZGCSaFWeQQRG8O5a-ogU9ocqgmuDR1FoYKO2v7a9aAALBqBM8yBM80BMA8BMBkBQAMPzpuWcoxQ--G2ZvNmYgt5idtqNjTjiwUjhhziOkSYE6EVL77V0EcOEZN3Mw7M0HNubabwqECONDkULFfau96Fc6JUWR_CK9034NcgBwW7_V0SiDvt4pgRUHCIqxpvoahAUHksuwj-SZYdAw_qUtElXvxxy7Y1Q99NLFyPfaWC9TOsejLUcfGRurOlFpTYM2fpojeL5wLPPFRbeXi4tnLLKM2iA.&dur=1~KLUv_SMFoCgkV7UAAEggAigFTSpchj4DfAB7-c3pbPhwBx8.&durs=-nRavF&crrelr=&adpt=goog&fpa=264&pcm=3&vc=12&said=vDG0rAbxXC98qIHPaRC6PA&ict=Unknown&auct=1&im=1&mc=e62df120-52d9-47ff-86ff-cd3dce1760a8&ev=6MdPbHKzf8FaLCD-XAZvzJmbtexcPle1Smuplr4lV5A.&rsv=0.00000398732349050954&abr=9a2418d9-6715-4190-bc3b-96bea2053da1&tail=1:0
[    6543ms] [ERROR] Failed to load resource: net::ERR_CONNECTION_CLOSED @ https://enduser.adsrvr.org/enduser/vast/?t=1&iid=57e68835-9873-4fda-a26c-74f59d5f904e&crid=wyi62ix2&wp=afpBxAAARa8Gw00HABjY0S_rg5tAQpNSHwQXrw&aid=1&wpc=USD&sfe=1c31c1c4&puid=CAESEOlHDG8yUCtLzvjILUqgXy4&bdc=13&tdid=&pid=sg2o27m&ag=8ijq5z4&adv=3s0fzus&sig=1074ou0KlO4WE0Q0wswXFhexCvemj0Hdfs2WwAEUQVyw.&bp=0.153597121396009&cf=10399159&fq=0&td_s=docs.tangly1024.com&rcats=&mste=&mfld=2&mssi=&mfsi=&uhow=76&agsa=&rgz=168-0063&svbttd=1&dt=PC&osf=OSX&os=OSX1015&br=Chrome&rlangs=zh&mlang=&svpid=pub-2708419466378217&did=&rcxt=Other&lat=35.680000&lon=139.650000&tmpc=16.150000000000034&daid=&vp=0&osi=&osv=&bx=60&bffi=41&nond=0&mk=Apple&testid=Google-ORtb-Migration&vpb=InterstitialSliderFloating&dc=13&vcc=EKwCGKwCMgIIAjoECAEIAkABUASgAcEHqAHdBMgBAdABA-gBCoACA4oCDAgCCAMIBwgFCAYICJoCAggHoAICqAIBsAIAuAIAwAIF2AIA4AIA9QIAAAAA&sv=google&pidi=3634&advi=662327&cmpi=6319637&agi=27759643&cridi=53920117&svi=1&tid=1&cmp=q0xg7mz&vrtd=14,15&feo=google&srca=1&rurl=https%3a%2f%2fdocs.tangly1024.com%2farticle%2fnotion-next-mulity-languages&tsig=3yVvJWZpnHvHOTj4jkDQDYfqL8f4ToP1yQRTWuEwEz4.&cc=3~KLUv_WPYfRZoQAKNCwC0DDWI5ldzmNpPEaJsdPWdX5BOQgc4aWpxNXo0SJuong1Qt9v6aTYyaXgyYPWC22RvY3N5MTAyNE9sSERHOHlVQ3RMenZqSUxVcWdYeTQCwAFMNzgyMan67-6h9nEweGc3bXrQApXcgQMwoJ_NwZW5lT_Sopm2j9ZERzByQWJ4WEM5OHFJSFBhUkM2UEFAbXUg8S3m2VLNPc4XYKjZGCSaFWeQQRG8O5a-ogU9ocqgmuDR1FoYKO2v7a9aAALBqBM8yBM80BMA8BMBkBQAMPzpuWcoxQ--G2ZvNmYgt5idtqNjTjiwUjhhziOkSYE6EVL77V0EcOEZN3Mw7M0HNubabwqECONDkULFfau96Fc6JUWR_CK9034NcgBwW7_V0SiDvt4pgRUHCIqxpvoahAUHksuwj-SZYdAw_qUtElXvxxy7Y1Q99NLFyPfaWC9TOsejLUcfGRurOlFpTYM2fpojeL5wLPPFRbeXi4tnLLKM2iA.&dur=1~KLUv_SMFoCgkV7UAAEggAigFTSpchj4DfAB7-c3pbPhwBx8.&durs=-nRavF&crrelr=&adpt=goog&fpa=264&pcm=3&vc=12&said=vDG0rAbxXC98qIHPaRC6PA&ict=Unknown&auct=1&im=1&mc=e62df120-52d9-47ff-86ff-cd3dce1760a8&ev=6MdPbHKzf8FaLCD-XAZvzJmbtexcPle1Smuplr4lV5A.&rsv=0.00000398732349050954&abr=9a2418d9-6715-4190-bc3b-96bea2053da1&tail=1:0
